<?xml version="1.0" encoding="UTF-8"?>
<testng-results ignored="0" total="1" passed="1" failed="0" skipped="0">
  <reporter-output>
    <line>
      <![CDATA[User launches the browser and enter the URL]]>
    </line>
  </reporter-output>
  <suite started-at="2025-09-04T12:35:41 IST" name="Login Suite" finished-at="2025-09-04T12:35:57 IST" duration-ms="16132">
    <groups>
    </groups>
    <test started-at="2025-09-04T12:35:41 IST" name="Login Test" finished-at="2025-09-04T12:35:57 IST" duration-ms="16132">
      <class name="LoginTest">
        <test-method is-config="true" signature="setUp()[pri:0, instance:LoginTest@7586beff]" started-at="2025-09-04T12:35:41 IST" name="setUp" finished-at="2025-09-04T12:35:43 IST" duration-ms="2176" status="PASS">
          <reporter-output>
          </reporter-output>
        </test-method> <!-- setUp -->
        <test-method is-config="true" signature="goToLoginPage()[pri:0, instance:LoginTest@7586beff]" started-at="2025-09-04T12:35:43 IST" name="goToLoginPage" finished-at="2025-09-04T12:35:49 IST" duration-ms="6059" status="PASS">
          <reporter-output>
            <line>
              <![CDATA[User launches the browser and enter the URL]]>
            </line>
          </reporter-output>
        </test-method> <!-- goToLoginPage -->
        <test-method signature="testValidLogin()[pri:0, instance:LoginTest@7586beff]" started-at="2025-09-04T12:35:49 IST" name="testValidLogin" finished-at="2025-09-04T12:35:57 IST" duration-ms="7360" status="PASS">
          <reporter-output>
          </reporter-output>
        </test-method> <!-- testValidLogin -->
        <test-method is-config="true" signature="tearDown()[pri:0, instance:LoginTest@7586beff]" started-at="2025-09-04T12:35:57 IST" name="tearDown" finished-at="2025-09-04T12:35:57 IST" duration-ms="486" status="PASS">
          <reporter-output>
          </reporter-output>
        </test-method> <!-- tearDown -->
      </class> <!-- LoginTest -->
    </test> <!-- Login Test -->
  </suite> <!-- Login Suite -->
</testng-results>
